{
  "RSpec": {
    "coverage": {
      "/Users/devs/Desktop/Test Project Bugzilla MM/bugzilla/app/models/user.rb": {
        "lines": [
          null,
          null,
          1,
          null,
          null,
          1,
          null,
          null,
          1,
          null,
          1,
          1,
          null,
          1,
          1,
          null
        ]
      },
      "/Users/devs/Desktop/Test Project Bugzilla MM/bugzilla/app/models/application_record.rb": {
        "lines": [
          null,
          null,
          1,
          1,
          null
        ]
      },
      "/Users/devs/Desktop/Test Project Bugzilla MM/bugzilla/app/helpers/application_helper.rb": {
        "lines": [
          null,
          null,
          1,
          null
        ]
      },
      "/Users/devs/Desktop/Test Project Bugzilla MM/bugzilla/app/helpers/bug_helper.rb": {
        "lines": [
          null,
          null,
          1,
          1,
          0,
          null,
          null
        ]
      },
      "/Users/devs/Desktop/Test Project Bugzilla MM/bugzilla/app/helpers/project_helper.rb": {
        "lines": [
          null,
          null,
          1,
          1,
          5,
          5,
          0,
          null,
          5,
          0,
          null,
          5,
          null,
          null
        ]
      },
      "/Users/devs/Desktop/Test Project Bugzilla MM/bugzilla/app/helpers/users_helper.rb": {
        "lines": [
          null,
          null,
          1,
          null
        ]
      },
      "/Users/devs/Desktop/Test Project Bugzilla MM/bugzilla/app/models/bug.rb": {
        "lines": [
          null,
          null,
          1,
          1,
          1,
          1,
          null,
          1,
          1,
          null,
          1,
          1,
          null
        ]
      },
      "/Users/devs/Desktop/Test Project Bugzilla MM/bugzilla/app/models/project.rb": {
        "lines": [
          null,
          null,
          1,
          1,
          1,
          1,
          null,
          1,
          null,
          1,
          1,
          null
        ]
      },
      "/Users/devs/Desktop/Test Project Bugzilla MM/bugzilla/app/models/user_project.rb": {
        "lines": [
          null,
          null,
          1,
          1,
          1,
          null
        ]
      },
      "/Users/devs/Desktop/Test Project Bugzilla MM/bugzilla/app/controllers/projects_controller.rb": {
        "lines": [
          null,
          null,
          null,
          1,
          1,
          1,
          null,
          1,
          3,
          1,
          null,
          2,
          null,
          null,
          null,
          null,
          1,
          3,
          3,
          null,
          null,
          1,
          null,
          1,
          4,
          4,
          null,
          4,
          1,
          null,
          3,
          null,
          null,
          null,
          1,
          2,
          2,
          2,
          1,
          null,
          1,
          null,
          null,
          null,
          1,
          6,
          6,
          null,
          6,
          null,
          1,
          null,
          1,
          null,
          1,
          null,
          1,
          null,
          null,
          null,
          1,
          null,
          2,
          1,
          null,
          1,
          null,
          null,
          null,
          1,
          null,
          1,
          18,
          null,
          null,
          1,
          20,
          null,
          null,
          1,
          6,
          null,
          null
        ]
      },
      "/Users/devs/Desktop/Test Project Bugzilla MM/bugzilla/app/controllers/application_controller.rb": {
        "lines": [
          null,
          null,
          null,
          1,
          1,
          1,
          1,
          1,
          1,
          1,
          null,
          1,
          null,
          1,
          null,
          1,
          0,
          null,
          0,
          0,
          null,
          null,
          null,
          1,
          1,
          11,
          11,
          null,
          null,
          1,
          2,
          2,
          4,
          null,
          null,
          null
        ]
      },
      "/Users/devs/Desktop/Test Project Bugzilla MM/bugzilla/app/controllers/bugs_controller.rb": {
        "lines": [
          null,
          null,
          null,
          1,
          1,
          1,
          null,
          1,
          8,
          8,
          8,
          2,
          null,
          6,
          null,
          null,
          null,
          null,
          1,
          6,
          6,
          4,
          4,
          null,
          null,
          1,
          null,
          1,
          8,
          null,
          null,
          1,
          8,
          null,
          null,
          1,
          8,
          null,
          null,
          1,
          null,
          4,
          null,
          null,
          4,
          2,
          1,
          null,
          1,
          null,
          2,
          null,
          null,
          null,
          1,
          4,
          2,
          2,
          1,
          null,
          1,
          null,
          null,
          null,
          null
        ]
      },
      "/Users/devs/Desktop/Test Project Bugzilla MM/bugzilla/app/policies/bug_policy.rb": {
        "lines": [
          null,
          null,
          null,
          1,
          1,
          null,
          1,
          0,
          null,
          null,
          null,
          1,
          22,
          22,
          22,
          null,
          null,
          1,
          16,
          null,
          null,
          1,
          6,
          null,
          null
        ]
      },
      "/Users/devs/Desktop/Test Project Bugzilla MM/bugzilla/app/policies/application_policy.rb": {
        "lines": [
          null,
          null,
          null,
          1,
          1,
          null,
          1,
          48,
          48,
          null,
          null,
          1,
          0,
          null,
          null,
          1,
          0,
          null,
          null,
          1,
          0,
          null,
          null,
          1,
          0,
          null,
          null,
          1,
          0,
          null,
          null,
          1,
          0,
          null,
          null,
          1,
          0,
          null,
          null,
          1,
          0,
          null,
          null,
          1,
          1,
          0,
          0,
          null,
          null,
          1,
          0,
          null,
          null,
          1,
          null,
          1,
          null,
          null
        ]
      },
      "/Users/devs/Desktop/Test Project Bugzilla MM/bugzilla/app/policies/project_policy.rb": {
        "lines": [
          null,
          null,
          null,
          1,
          1,
          0,
          null,
          null,
          1,
          26,
          26,
          26,
          null,
          null,
          1,
          0,
          null,
          null,
          1,
          0,
          null,
          null,
          1,
          7,
          1,
          6,
          5,
          null,
          null,
          null,
          1,
          4,
          null,
          null,
          1,
          7,
          null,
          null,
          1,
          4,
          null,
          null,
          1,
          3,
          null,
          null,
          1,
          6,
          null,
          null,
          1,
          0,
          null,
          null,
          1,
          1,
          null,
          null,
          1,
          1,
          null,
          null,
          1,
          null,
          1,
          0,
          null,
          null
        ]
      },
      "/Users/devs/Desktop/Test Project Bugzilla MM/bugzilla/app/mailers/application_mailer.rb": {
        "lines": [
          null,
          null,
          0,
          0,
          0,
          0
        ],
        "branches": {
        }
      },
      "/Users/devs/Desktop/Test Project Bugzilla MM/bugzilla/app/policies/user_policy.rb": {
        "lines": [
          null,
          null,
          null,
          0,
          0,
          null,
          null,
          null,
          null,
          0,
          null,
          0,
          0,
          0,
          0
        ],
        "branches": {
        }
      },
      "/Users/devs/Desktop/Test Project Bugzilla MM/bugzilla/app/jobs/application_job.rb": {
        "lines": [
          null,
          null,
          0,
          0
        ],
        "branches": {
        }
      },
      "/Users/devs/Desktop/Test Project Bugzilla MM/bugzilla/app/channels/application_cable/connection.rb": {
        "lines": [
          null,
          null,
          0,
          0,
          0,
          0
        ],
        "branches": {
        }
      },
      "/Users/devs/Desktop/Test Project Bugzilla MM/bugzilla/app/channels/application_cable/channel.rb": {
        "lines": [
          null,
          null,
          0,
          0,
          0,
          0
        ],
        "branches": {
        }
      }
    },
    "timestamp": 1661415889
  }
}
